<testsuites id="" name="" tests="1" failures="0" skipped="0" errors="0" time="18.034146999999997">
<testsuite name="Register\register.spec.ts" timestamp="2025-10-19T06:33:39.106Z" hostname="" tests="1" failures="0" skipped="0" time="13.811" errors="0">
<testcase name="Register test cases › To verify the resgiter form with inavlid data" classname="Register\register.spec.ts" time="13.811">
<system-out>
<![CDATA[
[[ATTACHMENT|test-results\Register-register-Register-0e4b2-iter-form-with-inavlid-data\test-finished-1.png]]

[[ATTACHMENT|test-results\Register-register-Register-0e4b2-iter-form-with-inavlid-data\video.webm]]

[[ATTACHMENT|test-results\Register-register-Register-0e4b2-iter-form-with-inavlid-data\trace.zip]]
]]>
</system-out>
</testcase>
</testsuite>
</testsuites>